<?xml version="1.0" encoding="UTF-8"?>
<robot generator="Robot 7.3.2 (Python 3.14.0 on darwin)" generated="2025-11-08T20:36:58.827508" rpa="false" schemaversion="5">
<suite id="s1" name="Testcases" source="/Users/chinnawat-pok/Documents/QA-term-project1-robot/testcases">
<suite id="s1-s1" name="Post Create User" source="/Users/chinnawat-pok/Documents/QA-term-project1-robot/testcases/post_create_user.robot">
<kw name="Connect database connection" owner="database_keywords" type="SETUP">
<msg time="2025-11-08T20:36:58.914969" level="TRACE">Arguments: [  ]</msg>
<kw name="Connect To Database" owner="DatabaseLibrary">
<msg time="2025-11-08T20:36:58.915261" level="TRACE">Arguments: [ 'pymysql' | 'myappdb' | 'root' | 'rootpassword' | 'localhost' | 3306 ]</msg>
<msg time="2025-11-08T20:36:58.915319" level="INFO">Looking for configuration file: 'resources/db.cfg'</msg>
<msg time="2025-11-08T20:36:58.915333" level="INFO">Configuration file doesn't exist</msg>
<msg time="2025-11-08T20:36:58.915341" level="DEBUG">Configuration file not loaded</msg>
<msg time="2025-11-08T20:36:58.915348" level="DEBUG">Configuration file not loaded</msg>
<msg time="2025-11-08T20:36:58.915354" level="DEBUG">Configuration file not loaded</msg>
<msg time="2025-11-08T20:36:58.915359" level="DEBUG">Configuration file not loaded</msg>
<msg time="2025-11-08T20:36:58.915364" level="DEBUG">Configuration file not loaded</msg>
<msg time="2025-11-08T20:36:58.915368" level="DEBUG">Configuration file not loaded</msg>
<msg time="2025-11-08T20:36:58.915373" level="DEBUG">Configuration file not loaded</msg>
<msg time="2025-11-08T20:36:58.915378" level="DEBUG">Configuration file not loaded</msg>
<msg time="2025-11-08T20:36:58.915383" level="DEBUG">Configuration file not loaded</msg>
<msg time="2025-11-08T20:36:58.915387" level="DEBUG">Configuration file not loaded</msg>
<msg time="2025-11-08T20:36:58.915392" level="DEBUG">Configuration file not loaded</msg>
<msg time="2025-11-08T20:36:58.915396" level="DEBUG">Configuration file not loaded</msg>
<msg time="2025-11-08T20:36:58.915401" level="DEBUG">Configuration file not loaded</msg>
<msg time="2025-11-08T20:36:58.915406" level="DEBUG">Configuration file not loaded</msg>
<msg time="2025-11-08T20:36:58.915410" level="DEBUG">Configuration file not loaded</msg>
<msg time="2025-11-08T20:36:58.915415" level="DEBUG">Configuration file not loaded</msg>
<msg time="2025-11-08T20:36:58.915419" level="DEBUG">Configuration file not loaded</msg>
<msg time="2025-11-08T20:36:58.915424" level="DEBUG">Configuration file not loaded</msg>
<msg time="2025-11-08T20:36:58.915429" level="DEBUG">Configuration file not loaded</msg>
<msg time="2025-11-08T20:36:58.920003" level="INFO">Connect to DB using : pymysql.connect(db='myappdb', user='root', passwd=***, host='localhost', port=3306, charset='utf8mb4')</msg>
<msg time="2025-11-08T20:36:58.924943" level="TRACE">Return: None</msg>
<arg>pymysql</arg>
<arg>${DBNAME}</arg>
<arg>${DBUSER}</arg>
<arg>${DBPASS}</arg>
<arg>${DBHOST}</arg>
<arg>${DBPORT}</arg>
<doc>Creates a database connection using the DB API 2.0 ``db_module`` and the parameters provided.
Along with listed commonly used arguments (`db_name`, `db_host` etc.)
you can set any other DB module specific parameters as key/value pairs.</doc>
<status status="PASS" start="2025-11-08T20:36:58.915147" elapsed="0.009835"/>
</kw>
<msg time="2025-11-08T20:36:58.925034" level="TRACE">Return: None</msg>
<status status="PASS" start="2025-11-08T20:36:58.914918" elapsed="0.010130"/>
</kw>
<test id="s1-s1-t1" name="TC_004 Test all data in json file invalid cases" line="33">
<kw name="Load Json From File" owner="JSONLibrary">
<msg time="2025-11-08T20:36:58.925333" level="TRACE">Arguments: [ 'resources/testdata/posts-post-fuzzed-data.json' ]</msg>
<msg time="2025-11-08T20:36:58.925357" level="DEBUG">Check if file exists</msg>
<msg time="2025-11-08T20:36:58.925617" level="TRACE">Return: {'valid': [{'userId': 1, 'title': 'a', 'body': 'a'},
           {'userId': 10, 'title': 'a', 'body': 'a'},
           {'userId': 100, 'title': 'a', 'body': 'a'},
           {'userId': 101, 'title': 'a', 'body': 'a'},
           {'userId': 1, 'title': 'a', 'body': 'a'},
           {'userId': 10, 'title': 'a', 'body': 'a'},
           {'userId': 100, 'title': 'a', 'body': 'a'},
           {'userId': 101, 'title': 'a', 'body': 'a'}],
 'invalid': [{},
             {'userId': 0, 'title': 'a', 'body': 'a'},
             {'userId': -100, 'title': 'a', 'body': 'a'},
             {'userId': -10, 'title': 'a', 'body': 'a'},
             {'userId': -1, 'title': 'a', 'body': 'a'},
             {'title': 'a', 'body': 'a'},
             {'userId': None, 'title': 'a', 'body': 'a'},
             {'userId': None, 'title': 'a', 'body': 'a'},
             {'userId': None, 'title': 'a', 'body': 'a'},
             {'userId': None, 'title': 'a', 'body': 'a'},
             {'userId': 'a', 'title': 'a', 'body': 'a'},
             {'userId': True, 'title': 'a', 'body': 'a'},
             {'userId': {}, 'title': 'a', 'body': 'a'},
             {'userId': 1, 'title': '', 'body': 'a'},
             {'userId': 1, 'body': 'a'},
             {'userId': 1, 'title': None, 'body': 'a'},
             {'userId': 1, 'title': 42, 'body': 'a'},
             {'userId': 1, 'title': True, 'body': 'a'},
             {'userId': 1, 'title': {}, 'body': 'a'},
             {'userId': 1, 'title': 'a', 'body': ''},
             {'userId': 1, 'title': 'a'},
             {'userId': 1, 'title': 'a', 'body': None},
             {'userId': 1, 'title': 'a', 'body': 42},
             {'userId': 1, 'title': 'a', 'body': True},
             {'userId': 1, 'title': 'a', 'body': {}},
             None,
             None,
             42,
             'a',
             True]}</msg>
<msg time="2025-11-08T20:36:58.925904" level="INFO">${json_obj} = {'valid': [{'userId': 1, 'title': 'a', 'body': 'a'}, {'userId': 10, 'title': 'a', 'body': 'a'}, {'userId': 100, 'title': 'a', 'body': 'a'}, {'userId': 101, 'title': 'a', 'body': 'a'}, {'userId': 1, 't...</msg>
<var>${json_obj}</var>
<arg>resources/testdata/posts-post-fuzzed-data.json</arg>
<doc>Load JSON from file.</doc>
<status status="PASS" start="2025-11-08T20:36:58.925298" elapsed="0.000616"/>
</kw>
<kw name="Get Value From Json" owner="JSONLibrary">
<msg time="2025-11-08T20:36:58.926013" level="TRACE">Arguments: [ {'valid': [{'userId': 1, 'title': 'a', 'body': 'a'},
           {'userId': 10, 'title': 'a', 'body': 'a'},
           {'userId': 100, 'title': 'a', 'body': 'a'},
           {'userId': 101, 'title': 'a', 'body': 'a'},
           {'userId': 1, 'title': 'a', 'body': 'a'},
           {'userId': 10, 'title': 'a', 'body': 'a'},
           {'userId': 100, 'title': 'a', 'body': 'a'},
           {'userId': 101, 'title': 'a', 'body': 'a'}],
 'invalid': [{},
             {'userId': 0, 'title': 'a', 'body': 'a'},
             {'userId': -100, 'title': 'a', 'body': 'a'},
             {'userId': -10, 'title': 'a', 'body': 'a'},
             {'userId': -1, 'title': 'a', 'body': 'a'},
             {'title': 'a', 'body': 'a'},
             {'userId': None, 'title': 'a', 'body': 'a'},
             {'userId': None, 'title': 'a', 'body': 'a'},
             {'userId': None, 'title': 'a', 'body': 'a'},
             {'userId': None, 'title': 'a', 'body': 'a'},
             {'userId': 'a', 'title': 'a', 'body': 'a'},
             {'userId': True, 'title': 'a', 'body': 'a'},
             {'userId': {}, 'title': 'a', 'body': 'a'},
             {'userId': 1, 'title': '', 'body': 'a'},
             {'userId': 1, 'body': 'a'},
             {'userId': 1, 'title': None, 'body': 'a'},
             {'userId': 1, 'title': 42, 'body': 'a'},
             {'userId': 1, 'title': True, 'body': 'a'},
             {'userId': 1, 'title': {}, 'body': 'a'},
             {'userId': 1, 'title': 'a', 'body': ''},
             {'userId': 1, 'title': 'a'},
             {'userId': 1, 'title': 'a', 'body': None},
             {'userId': 1, 'title': 'a', 'body': 42},
             {'userId': 1, 'title': 'a', 'body': True},
             {'userId': 1, 'title': 'a', 'body': {}},
             None,
             None,
             42,
             'a',
             True]} | '$.invalid' ]</msg>
<msg time="2025-11-08T20:36:58.934409" level="TRACE">Return: [[{},
  {'userId': 0, 'title': 'a', 'body': 'a'},
  {'userId': -100, 'title': 'a', 'body': 'a'},
  {'userId': -10, 'title': 'a', 'body': 'a'},
  {'userId': -1, 'title': 'a', 'body': 'a'},
  {'title': 'a', 'body': 'a'},
  {'userId': None, 'title': 'a', 'body': 'a'},
  {'userId': None, 'title': 'a', 'body': 'a'},
  {'userId': None, 'title': 'a', 'body': 'a'},
  {'userId': None, 'title': 'a', 'body': 'a'},
  {'userId': 'a', 'title': 'a', 'body': 'a'},
  {'userId': True, 'title': 'a', 'body': 'a'},
  {'userId': {}, 'title': 'a', 'body': 'a'},
  {'userId': 1, 'title': '', 'body': 'a'},
  {'userId': 1, 'body': 'a'},
  {'userId': 1, 'title': None, 'body': 'a'},
  {'userId': 1, 'title': 42, 'body': 'a'},
  {'userId': 1, 'title': True, 'body': 'a'},
  {'userId': 1, 'title': {}, 'body': 'a'},
  {'userId': 1, 'title': 'a', 'body': ''},
  {'userId': 1, 'title': 'a'},
  {'userId': 1, 'title': 'a', 'body': None},
  {'userId': 1, 'title': 'a', 'body': 42},
  {'userId': 1, 'title': 'a', 'body': True},
  {'userId': 1, 'title': 'a', 'body': {}},
  None,
  None,
  42,
  'a',
  True]]</msg>
<msg time="2025-11-08T20:36:58.934651" level="INFO">${valid_list} = [[{}, {'userId': 0, 'title': 'a', 'body': 'a'}, {'userId': -100, 'title': 'a', 'body': 'a'}, {'userId': -10, 'title': 'a', 'body': 'a'}, {'userId': -1, 'title': 'a', 'body': 'a'}, {'title': 'a', 'body...</msg>
<var>${valid_list}</var>
<arg>${json_obj}</arg>
<arg>$.invalid</arg>
<doc>Get Value From JSON using JSONPath</doc>
<status status="PASS" start="2025-11-08T20:36:58.925977" elapsed="0.008687"/>
</kw>
<kw name="Set Variable" owner="BuiltIn">
<msg time="2025-11-08T20:36:58.934963" level="TRACE">Arguments: [ [{},
 {'userId': 0, 'title': 'a', 'body': 'a'},
 {'userId': -100, 'title': 'a', 'body': 'a'},
 {'userId': -10, 'title': 'a', 'body': 'a'},
 {'userId': -1, 'title': 'a', 'body': 'a'},
 {'title': 'a', 'body': 'a'},
 {'userId': None, 'title': 'a', 'body': 'a'},
 {'userId': None, 'title': 'a', 'body': 'a'},
 {'userId': None, 'title': 'a', 'body': 'a'},
 {'userId': None, 'title': 'a', 'body': 'a'},
 {'userId': 'a', 'title': 'a', 'body': 'a'},
 {'userId': True, 'title': 'a', 'body': 'a'},
 {'userId': {}, 'title': 'a', 'body': 'a'},
 {'userId': 1, 'title': '', 'body': 'a'},
 {'userId': 1, 'body': 'a'},
 {'userId': 1, 'title': None, 'body': 'a'},
 {'userId': 1, 'title': 42, 'body': 'a'},
 {'userId': 1, 'title': True, 'body': 'a'},
 {'userId': 1, 'title': {}, 'body': 'a'},
 {'userId': 1, 'title': 'a', 'body': ''},
 {'userId': 1, 'title': 'a'},
 {'userId': 1, 'title': 'a', 'body': None},
 {'userId': 1, 'title': 'a', 'body': 42},
 {'userId': 1, 'title': 'a', 'body': True},
 {'userId': 1, 'title': 'a', 'body': {}},
 None,
 None,
 42,
 'a',
 True] ]</msg>
<msg time="2025-11-08T20:36:58.935100" level="TRACE">Return: [{},
 {'userId': 0, 'title': 'a', 'body': 'a'},
 {'userId': -100, 'title': 'a', 'body': 'a'},
 {'userId': -10, 'title': 'a', 'body': 'a'},
 {'userId': -1, 'title': 'a', 'body': 'a'},
 {'title': 'a', 'body': 'a'},
 {'userId': None, 'title': 'a', 'body': 'a'},
 {'userId': None, 'title': 'a', 'body': 'a'},
 {'userId': None, 'title': 'a', 'body': 'a'},
 {'userId': None, 'title': 'a', 'body': 'a'},
 {'userId': 'a', 'title': 'a', 'body': 'a'},
 {'userId': True, 'title': 'a', 'body': 'a'},
 {'userId': {}, 'title': 'a', 'body': 'a'},
 {'userId': 1, 'title': '', 'body': 'a'},
 {'userId': 1, 'body': 'a'},
 {'userId': 1, 'title': None, 'body': 'a'},
 {'userId': 1, 'title': 42, 'body': 'a'},
 {'userId': 1, 'title': True, 'body': 'a'},
 {'userId': 1, 'title': {}, 'body': 'a'},
 {'userId': 1, 'title': 'a', 'body': ''},
 {'userId': 1, 'title': 'a'},
 {'userId': 1, 'title': 'a', 'body': None},
 {'userId': 1, 'title': 'a', 'body': 42},
 {'userId': 1, 'title': 'a', 'body': True},
 {'userId': 1, 'title': 'a', 'body': {}},
 None,
 None,
 42,
 'a',
 True]</msg>
<msg time="2025-11-08T20:36:58.935221" level="INFO">${valid} = [{}, {'userId': 0, 'title': 'a', 'body': 'a'}, {'userId': -100, 'title': 'a', 'body': 'a'}, {'userId': -10, 'title': 'a', 'body': 'a'}, {'userId': -1, 'title': 'a', 'body': 'a'}, {'title': 'a', 'body'...</msg>
<var>${valid}</var>
<arg>${valid_list[0]}</arg>
<doc>Returns the given values which can then be assigned to a variables.</doc>
<status status="PASS" start="2025-11-08T20:36:58.934757" elapsed="0.000472"/>
</kw>
<for flavor="IN">
<iter>
<kw name="Template call api and verify json file invalid case" owner="create_user_keywords">
<msg time="2025-11-08T20:36:58.935491" level="TRACE">Arguments: [ ${request_body}={} ]</msg>
<kw name="Delete all data" owner="database_keywords" type="SETUP">
<msg time="2025-11-08T20:36:58.935594" level="TRACE">Arguments: [  ]</msg>
<kw name="Execute Sql String" owner="DatabaseLibrary">
<msg time="2025-11-08T20:36:58.935661" level="TRACE">Arguments: [ 'TRUNCATE TABLE posts;' ]</msg>
<msg time="2025-11-08T20:36:58.935685" level="INFO" html="true">Executing sql:&lt;br&gt;&lt;code style="font-weight: bold;"&gt;TRUNCATE TABLE posts;&lt;/code&gt;</msg>
<msg time="2025-11-08T20:36:58.944408" level="INFO">Commit the transaction</msg>
<msg time="2025-11-08T20:36:58.944701" level="TRACE">Return: None</msg>
<arg>TRUNCATE TABLE posts;</arg>
<doc>Executes the ``sql_string`` as a single SQL command.</doc>
<status status="PASS" start="2025-11-08T20:36:58.935632" elapsed="0.009093"/>
</kw>
<kw name="Query" owner="DatabaseLibrary">
<msg time="2025-11-08T20:36:58.944840" level="TRACE">Arguments: [ 'SELECT COUNT(*) FROM posts;' ]</msg>
<msg time="2025-11-08T20:36:58.944865" level="INFO" html="true">Executing sql:&lt;br&gt;&lt;code style="font-weight: bold;"&gt;SELECT COUNT(*) FROM posts;&lt;/code&gt;</msg>
<msg time="2025-11-08T20:36:58.945675" level="INFO">Commit the transaction</msg>
<msg time="2025-11-08T20:36:58.945932" level="INFO" html="true">&lt;div style="max-width: 100%; overflow-x: auto; max-height: 500px; overflow-y: auto;"&gt;&lt;table style="width: auto; border-collapse: collapse; border: 2px solid rgb(140 140 140)"&gt;&lt;caption style="text-align: left; font-weight: bold; padding: 5px;"&gt;Query returned 1 rows&lt;/caption&gt;&lt;tr&gt;&lt;th scope="col" style="position: sticky; top: 0; color:black; background-color: #d6ecd4; border: 1px solid rgb(160 160 160);padding: 8px 10px;text-align: center;"&gt;Row&lt;/th&gt;&lt;th scope="col" style="position: sticky; top: 0; background-color: #505050; color: #fff;border: 1px solid rgb(160 160 160);padding: 8px 10px;text-align: center;"&gt;COUNT(*)&lt;/th&gt;&lt;/tr&gt;&lt;tr style="background-color: var(--secondary-color, #eee)"&gt;&lt;th scope="row" style="color:black; background-color: #d6ecd4;border: 1px solid rgb(160 160 160);padding: 8px 10px;text-align: center;"&gt;0&lt;/th&gt;&lt;td style="border: 1px solid rgb(160 160 160);padding: 8px 10px;text-align: center;"&gt;0&lt;/td&gt;&lt;/tr&gt;&lt;/table&gt;&lt;/div&gt;</msg>
<msg time="2025-11-08T20:36:58.945956" level="TRACE">Return: ((0,),)</msg>
<msg time="2025-11-08T20:36:58.946004" level="INFO">${rows} = ((0,),)</msg>
<var>${rows}</var>
<arg>SELECT COUNT(*) FROM posts;</arg>
<doc>Runs a query with the ``select_statement`` and returns the result as list of rows.
The type of row values depends on the database module -
usually they are tuples or tuple-like objects.</doc>
<status status="PASS" start="2025-11-08T20:36:58.944796" elapsed="0.001215"/>
</kw>
<kw name="Set Variable" owner="BuiltIn">
<msg time="2025-11-08T20:36:58.946254" level="TRACE">Arguments: [ 0 ]</msg>
<msg time="2025-11-08T20:36:58.946277" level="TRACE">Return: 0</msg>
<msg time="2025-11-08T20:36:58.946297" level="INFO">${count} = 0</msg>
<var>${count}</var>
<arg>${rows[0][0]}</arg>
<doc>Returns the given values which can then be assigned to a variables.</doc>
<status status="PASS" start="2025-11-08T20:36:58.946067" elapsed="0.000238"/>
</kw>
<kw name="Should Be Equal As Integers" owner="BuiltIn">
<msg time="2025-11-08T20:36:58.946376" level="TRACE">Arguments: [ 0 | '0' ]</msg>
<msg time="2025-11-08T20:36:58.946404" level="INFO">Argument types are:
&lt;class 'int'&gt;
&lt;class 'str'&gt;</msg>
<msg time="2025-11-08T20:36:58.946422" level="TRACE">Return: None</msg>
<arg>${count}</arg>
<arg>0</arg>
<doc>Fails if objects are unequal after converting them to integers.</doc>
<status status="PASS" start="2025-11-08T20:36:58.946342" elapsed="0.000130"/>
</kw>
<msg time="2025-11-08T20:36:58.946511" level="TRACE">Return: None</msg>
<status status="PASS" start="2025-11-08T20:36:58.935555" elapsed="0.010974"/>
</kw>
<kw name="Call API Create User" owner="create_user_keywords">
<msg time="2025-11-08T20:36:58.946732" level="TRACE">Arguments: [ ${body}={} | ${expected_status}='201' ]</msg>
<kw name="Create Session" owner="RequestsLibrary">
<msg time="2025-11-08T20:36:58.946828" level="TRACE">Arguments: [ 'restapi' | 'http://localhost:3000' ]</msg>
<msg time="2025-11-08T20:36:58.946904" level="INFO">Creating Session using : alias=restapi, url=http://localhost:3000, headers={},                     cookies={}, auth=None, timeout=None, proxies=None, verify=False,                     debug=0 </msg>
<msg time="2025-11-08T20:36:58.946928" level="DEBUG">Creating session: restapi</msg>
<msg time="2025-11-08T20:36:58.947017" level="TRACE">Return: &lt;requests.sessions.Session object at 0x10b8ab0e0&gt;</msg>
<arg>restapi</arg>
<arg>${url}</arg>
<doc>Create Session: create a HTTP session to a server</doc>
<status status="PASS" start="2025-11-08T20:36:58.946793" elapsed="0.000244"/>
</kw>
<kw name="Create Dictionary" owner="BuiltIn">
<msg time="2025-11-08T20:36:58.947114" level="TRACE">Arguments: [ 'Content-Type=application/json' ]</msg>
<msg time="2025-11-08T20:36:58.947166" level="TRACE">Return: {'Content-Type': 'application/json'}</msg>
<msg time="2025-11-08T20:36:58.947198" level="INFO">${headers} = {'Content-Type': 'application/json'}</msg>
<var>${headers}</var>
<arg>Content-Type=application/json</arg>
<doc>Creates and returns a dictionary based on the given ``items``.</doc>
<status status="PASS" start="2025-11-08T20:36:58.947092" elapsed="0.000115"/>
</kw>
<kw name="POST On Session" owner="RequestsLibrary">
<msg time="2025-11-08T20:36:58.947307" level="TRACE">Arguments: [ 'restapi' | '/posts' | json={} | headers={'Content-Type': 'application/json'} | expected_status='201' ]</msg>
<msg time="2025-11-08T20:36:58.950770" level="DEBUG">Starting new HTTP connection (1): localhost:3000</msg>
<msg time="2025-11-08T20:36:58.953828" level="DEBUG">http://localhost:3000 "POST /posts HTTP/1.1" 400 11</msg>
<msg time="2025-11-08T20:36:58.953976" level="INFO">POST Request : url=http://localhost:3000/posts 
 path_url=/posts 
 headers={'User-Agent': 'python-requests/2.32.5', 'Accept-Encoding': 'gzip, deflate, zstd', 'Accept': '*/*', 'Connection': 'keep-alive', 'Content-Type': 'application/json', 'Content-Length': '2'} 
 body=b'{}' 
 </msg>
<msg time="2025-11-08T20:36:58.954005" level="INFO">POST Response : url=http://localhost:3000/posts 
 status=400, reason=Bad Request 
 headers={'X-Powered-By': 'Express', 'Content-Type': 'text/plain; charset=utf-8', 'Content-Length': '11', 'ETag': 'W/"b-EFiDB1U+dmqzx9Mo2UjcZ1SJPO8"', 'Date': 'Sat, 08 Nov 2025 13:36:58 GMT', 'Connection': 'keep-alive', 'Keep-Alive': 'timeout=5'} 
 body=Bad Request 
 </msg>
<msg time="2025-11-08T20:36:58.954067" level="FAIL">Url: http://localhost:3000/posts Expected status: 400 != 201</msg>
<msg time="2025-11-08T20:36:58.955452" level="DEBUG">Traceback (most recent call last):
  File "/Users/chinnawat-pok/Documents/QA-term-project1-robot/env2/lib/python3.14/site-packages/RequestsLibrary/utils.py", line 154, in decorator
    return func(*args, **kwargs)
  File "/Users/chinnawat-pok/Documents/QA-term-project1-robot/env2/lib/python3.14/site-packages/RequestsLibrary/RequestsOnSessionKeywords.py", line 62, in post_on_session
    self._check_status(expected_status, response, msg)
    ~~~~~~~~~~~~~~~~~~^^^^^^^^^^^^^^^^^^^^^^^^^^^^^^^^
  File "/Users/chinnawat-pok/Documents/QA-term-project1-robot/env2/lib/python3.14/site-packages/RequestsLibrary/SessionKeywords.py", line 582, in _check_status
    assert_equal(resp.status_code, expected_status, msg)
    ~~~~~~~~~~~~^^^^^^^^^^^^^^^^^^^^^^^^^^^^^^^^^^^^^^^^
  File "/Users/chinnawat-pok/Documents/QA-term-project1-robot/env2/lib/python3.14/site-packages/robot/utils/asserts.py", line 180, in assert_equal
    _report_inequality(first, second, "!=", msg, values, formatter)
    ~~~~~~~~~~~~~~~~~~^^^^^^^^^^^^^^^^^^^^^^^^^^^^^^^^^^^^^^^^^^^^^
  File "/Users/chinnawat-pok/Documents/QA-term-project1-robot/env2/lib/python3.14/site-packages/robot/utils/asserts.py", line 237, in _report_inequality
    raise AssertionError(msg)
AssertionError: Url: http://localhost:3000/posts Expected status: 400 != 201</msg>
<var>${response}</var>
<arg>restapi</arg>
<arg>/posts</arg>
<arg>json=${body}</arg>
<arg>headers=${headers}</arg>
<arg>expected_status=${expected_status}</arg>
<doc>Sends a POST request on a previously created HTTP Session.</doc>
<status status="FAIL" start="2025-11-08T20:36:58.947245" elapsed="0.008228">Url: http://localhost:3000/posts Expected status: 400 != 201</status>
</kw>
<kw name="Set Test Variable" owner="BuiltIn">
<arg>${response}</arg>
<arg>${response}</arg>
<doc>Makes a variable available everywhere within the scope of the current test.</doc>
<status status="NOT RUN" start="2025-11-08T20:36:58.955551" elapsed="0.000009"/>
</kw>
<arg>body=${request_body}</arg>
<arg>expected_status=201</arg>
<status status="FAIL" start="2025-11-08T20:36:58.946609" elapsed="0.008997">Url: http://localhost:3000/posts Expected status: 400 != 201</status>
</kw>
<kw name="Should Be Equal As Integers" owner="BuiltIn">
<arg>${response.status_code}</arg>
<arg>400</arg>
<doc>Fails if objects are unequal after converting them to integers.</doc>
<status status="NOT RUN" start="2025-11-08T20:36:58.955639" elapsed="0.000007"/>
</kw>
<arg>request_body=${item}</arg>
<status status="FAIL" start="2025-11-08T20:36:58.935407" elapsed="0.020272">Url: http://localhost:3000/posts Expected status: 400 != 201</status>
</kw>
<var name="${item}">{}</var>
<status status="FAIL" start="2025-11-08T20:36:58.935341" elapsed="0.020355">Url: http://localhost:3000/posts Expected status: 400 != 201</status>
</iter>
<var>${item}</var>
<value>@{valid}</value>
<status status="FAIL" start="2025-11-08T20:36:58.935273" elapsed="0.020445">Url: http://localhost:3000/posts Expected status: 400 != 201</status>
</for>
<doc>Test read file from json file and verify should be failed</doc>
<status status="FAIL" start="2025-11-08T20:36:58.925085" elapsed="0.030730">Url: http://localhost:3000/posts Expected status: 400 != 201</status>
</test>
<kw name="Disconnect From Database" owner="DatabaseLibrary" type="TEARDOWN">
<msg time="2025-11-08T20:36:58.956045" level="TRACE">Arguments: [  ]</msg>
<msg time="2025-11-08T20:36:58.956098" level="TRACE">Return: None</msg>
<doc>Disconnects from the database.</doc>
<status status="PASS" start="2025-11-08T20:36:58.956010" elapsed="0.000106"/>
</kw>
<status status="FAIL" start="2025-11-08T20:36:58.839917" elapsed="0.116211"/>
</suite>
<status status="FAIL" start="2025-11-08T20:36:58.828156" elapsed="0.128148"/>
</suite>
<statistics>
<total>
<stat pass="0" fail="1" skip="0">All Tests</stat>
</total>
<tag>
</tag>
<suite>
<stat name="Testcases" id="s1" pass="0" fail="1" skip="0">Testcases</stat>
<stat name="Post Create User" id="s1-s1" pass="0" fail="1" skip="0">Testcases.Post Create User</stat>
</suite>
</statistics>
<errors>
</errors>
</robot>
